[2024-09-10T10:39:52.880759+00:00] ipt10.WARNING: [YOUR COMPLETE NAME] [] []
[2024-09-10T10:39:52.910454+00:00] ipt10.ERROR: [YOUR EMAIL ADDRESS] [] []
[2024-09-10T10:39:52.910516+00:00] ipt10.INFO: profile {"student_number":"[YOUR STUDENT NUMBER]","college":"[COLLEGE NAME]","program":"[PROGRAM NAME]","university":"[UNIVERSITY NAME]"} []
[2024-09-10T10:40:16.220200+00:00] ipt10.WARNING: [YOUR COMPLETE NAME] [] []
[2024-09-10T10:40:16.221448+00:00] ipt10.ERROR: [YOUR EMAIL ADDRESS] [] []
[2024-09-10T10:40:16.221499+00:00] ipt10.INFO: profile {"student_number":"[YOUR STUDENT NUMBER]","college":"[COLLEGE NAME]","program":"[PROGRAM NAME]","university":"[UNIVERSITY NAME]"} []
[2024-09-10T10:42:10.617649+00:00] ipt10.WARNING: [YOUR COMPLETE NAME] [] []
[2024-09-10T10:42:10.619059+00:00] ipt10.ERROR: [YOUR EMAIL ADDRESS] [] []
[2024-09-10T10:42:10.619100+00:00] ipt10.INFO: profile {"student_number":"[YOUR STUDENT NUMBER]","college":"[COLLEGE NAME]","program":"[PROGRAM NAME]","university":"[UNIVERSITY NAME]"} []
[2024-09-10T10:42:10.619286+00:00] ipt10.INFO: data [100,345,4563,65,234,6734,-99] []
[2024-09-10T10:43:07.827733+00:00] ipt10.WARNING: [YOUR COMPLETE NAME] [] []
[2024-09-10T10:43:07.829349+00:00] ipt10.ERROR: [YOUR EMAIL ADDRESS] [] []
[2024-09-10T10:43:07.829384+00:00] ipt10.INFO: profile {"student_number":"[YOUR STUDENT NUMBER]","college":"[COLLEGE NAME]","program":"[PROGRAM NAME]","university":"[UNIVERSITY NAME]"} []
[2024-09-10T10:43:07.829591+00:00] ipt10.INFO: data [100,345,4563,65,234,6734,-99] []
[2024-09-10T10:44:05.851055+00:00] ipt10.WARNING: [YOUR COMPLETE NAME] [] []
[2024-09-10T10:44:05.852359+00:00] ipt10.ERROR: [YOUR EMAIL ADDRESS] [] []
[2024-09-10T10:44:05.852395+00:00] ipt10.INFO: profile {"student_number":"[YOUR STUDENT NUMBER]","college":"[COLLEGE NAME]","program":"[PROGRAM NAME]","university":"[UNIVERSITY NAME]"} []
[2024-09-10T10:44:05.852797+00:00] ipt10.INFO: data {"value":[100,345,4563,65,234,6734,-99]} []
[2024-09-10T10:44:05.852837+00:00] ipt10.INFO: average {"value":1706} []
[2024-09-10T10:44:05.852863+00:00] ipt10.INFO: largest {"value":6734} []
[2024-09-10T10:44:05.852884+00:00] ipt10.INFO: smallest {"value":-99} []
[2024-09-10T13:41:48.407014+02:00] ipt10.WARNING: [YOUR COMPLETE NAME] [] []
[2024-09-10T13:41:48.433247+02:00] ipt10.ERROR: [YOUR EMAIL ADDRESS] [] []
[2024-09-10T13:41:48.433281+02:00] ipt10.INFO: profile {"student_number":"[YOUR STUDENT NUMBER]","college":"[COLLEGE NAME]","program":"[PROGRAM NAME]","university":"[UNIVERSITY NAME]"} []
[2024-09-10T13:41:48.433326+02:00] ipt10.INFO: data {"value":[100,345,4563,65,234,6734,-99]} []
[2024-09-10T13:41:48.433345+02:00] ipt10.INFO: average {"value":1706} []
[2024-09-10T13:41:48.433361+02:00] ipt10.INFO: largest {"value":6734} []
[2024-09-10T13:41:48.433376+02:00] ipt10.INFO: smallest {"value":-99} []
[2024-09-10T13:41:54.143952+02:00] ipt10.WARNING: [YOUR COMPLETE NAME] [] []
[2024-09-10T13:41:54.144984+02:00] ipt10.ERROR: [YOUR EMAIL ADDRESS] [] []
[2024-09-10T13:41:54.145013+02:00] ipt10.INFO: profile {"student_number":"[YOUR STUDENT NUMBER]","college":"[COLLEGE NAME]","program":"[PROGRAM NAME]","university":"[UNIVERSITY NAME]"} []
[2024-09-10T13:41:54.145057+02:00] ipt10.INFO: data {"value":[100,345,4563,65,234,6734,-99]} []
[2024-09-10T13:41:54.145076+02:00] ipt10.INFO: average {"value":1706} []
[2024-09-10T13:41:54.145092+02:00] ipt10.INFO: largest {"value":6734} []
[2024-09-10T13:41:54.145107+02:00] ipt10.INFO: smallest {"value":-99} []
[2024-09-10T13:56:15.366420+02:00] ipt10.WARNING: [YOUR COMPLETE NAME] [] []
[2024-09-10T13:56:15.367781+02:00] ipt10.ERROR: [YOUR EMAIL ADDRESS] [] []
[2024-09-10T13:56:15.367813+02:00] ipt10.INFO: profile {"student_number":"[YOUR STUDENT NUMBER]","college":"[COLLEGE NAME]","program":"[PROGRAM NAME]","university":"[UNIVERSITY NAME]"} []
[2024-09-10T13:56:15.367856+02:00] ipt10.INFO: data {"value":[100,345,4563,65,234,6734,-99]} []
[2024-09-10T13:56:15.367876+02:00] ipt10.INFO: average {"value":1706} []
[2024-09-10T13:56:15.367892+02:00] ipt10.INFO: largest {"value":6734} []
[2024-09-10T13:56:15.367906+02:00] ipt10.INFO: smallest {"value":-99} []
